Using pre-set license
Built from '2020.3/staging' branch; Version is '2020.3.3f1 (76626098c1c4) revision 7758432'; Using compiler version '192528614'; Build Type 'Release'
OS: 'Windows 7  (6.1.0) 64bit' Language: 'en' Physical Memory: 24496 MB
BatchMode: 1, IsHumanControllingUs: 0, StartBugReporterOnCrash: 0, Is64bit: 1, IsPro: 0

 COMMAND LINE ARGUMENTS:
D:\Installs\Unity Installs\2020.3.3f1\Unity\Editor\Unity.exe
-adb2
-batchMode
-noUpm
-name
AssetImportWorker0
-projectPath
D:/Minato/Documents/match-3/match-3
-logFile
Logs/AssetImportWorker0.log
-srvPort
49596
Successfully changed project path to: D:/Minato/Documents/match-3/match-3
D:/Minato/Documents/match-3/match-3
Using Asset Import Pipeline V2.
Refreshing native plugins compatible for Editor in 31.20 ms, found 1 plugins.
Preloading 0 native plugins for Editor in 0.00 ms.
Initialize engine version: 2020.3.3f1 (76626098c1c4)
[Subsystems] Discovering subsystems at path D:/Installs/Unity Installs/2020.3.3f1/Unity/Editor/Data/Resources/UnitySubsystems
[Subsystems] Discovering subsystems at path D:/Minato/Documents/match-3/match-3/Assets
GfxDevice: creating device client; threaded=0
d3d11: CreateDXGIFactory2(...) not found, fallbacking to CreateDXGIFactory1(...).
d3d11: QueryInterface(IDXGIFactory5) failed (80004002).
Direct3D:
    Version:  Direct3D 11.0 [level 11.0]
    Renderer: NVIDIA GeForce GTX 1080 (ID=0x1b80)
    Vendor:   
    VRAM:     8077 MB
    Driver:   27.21.14.6677
Initialize mono
Mono path[0] = 'D:/Installs/Unity Installs/2020.3.3f1/Unity/Editor/Data/Managed'
Mono path[1] = 'D:/Installs/Unity Installs/2020.3.3f1/Unity/Editor/Data/MonoBleedingEdge/lib/mono/unityjit'
Mono config path = 'D:/Installs/Unity Installs/2020.3.3f1/Unity/Editor/Data/MonoBleedingEdge/etc'
Using monoOptions --debugger-agent=transport=dt_socket,embedding=1,server=y,suspend=n,address=127.0.0.1:56712
Begin MonoManager ReloadAssembly
Registering precompiled unity dll's ...
Register platform support module: D:/Installs/Unity Installs/2020.3.3f1/Unity/Editor/Data/PlaybackEngines/WindowsStandaloneSupport/UnityEditor.WindowsStandalone.Extensions.dll
Registered in 0.000514 seconds.
Native extension for WindowsStandalone target not found
Refreshing native plugins compatible for Editor in 30.73 ms, found 1 plugins.
Preloading 0 native plugins for Editor in 0.00 ms.
Invoked RoslynAnalysisRunner static constructor.
RoslynAnalysisRunner will not be running.
RoslynAnalysisRunner has terminated.
Mono: successfully reloaded assembly
- Completed reload, in  1.053 seconds
Platform modules already initialized, skipping
Registering precompiled user dll's ...
Registered in 0.000484 seconds.
Begin MonoManager ReloadAssembly
Native extension for WindowsStandalone target not found
Refreshing native plugins compatible for Editor in 32.14 ms, found 1 plugins.
Preloading 0 native plugins for Editor in 0.00 ms.
Invoked RoslynAnalysisRunner static constructor.
RoslynAnalysisRunner will not be running.
RoslynAnalysisRunner has terminated.
Mono: successfully reloaded assembly
- Completed reload, in  0.710 seconds
Platform modules already initialized, skipping
========================================================================
Worker process is ready to serve import requests
Launched and connected shader compiler UnityShaderCompiler.exe after 0.01 seconds
Refreshing native plugins compatible for Editor in 0.34 ms, found 1 plugins.
Preloading 0 native plugins for Editor in 0.00 ms.
Unloading 1808 Unused Serialized files (Serialized files now loaded: 0)
System memory in use before: 84.8 MB.
System memory in use after: 84.8 MB.

Unloading 24 unused Assets to reduce memory usage. Loaded Objects now: 2250.
Total: 2.449215 ms (FindLiveObjects: 0.194549 ms CreateObjectMapping: 0.069685 ms MarkObjects: 2.063246 ms  DeleteObjects: 0.120029 ms)

========================================================================
Received Import Request.
  path: Assets
  artifactKey: Guid(00000000000000001000000000000000) Importer(815301076,1909f56bfc062723c751e8b465ee728b)
Start importing Assets using Guid(00000000000000001000000000000000) Importer(815301076,1909f56bfc062723c751e8b465ee728b)  -> (artifact id: 'b2e0e235c0f4af3754229b664788db90') in 0.002967 seconds
  Import took 0.005337 seconds .

========================================================================
Received Import Request.
  Time since last request: 4.824809 seconds.
  path: Assets/MainGame
  artifactKey: Guid(26178e5e4779b0e41a1a592cf470c652) Importer(815301076,1909f56bfc062723c751e8b465ee728b)
Start importing Assets/MainGame using Guid(26178e5e4779b0e41a1a592cf470c652) Importer(815301076,1909f56bfc062723c751e8b465ee728b)  -> (artifact id: '71c633ba930195bfbb081a1b22097972') in 0.000844 seconds
  Import took 0.003372 seconds .

========================================================================
Received Import Request.
  Time since last request: 69.131569 seconds.
  path: Assets/MainGame/Scenes
  artifactKey: Guid(91fca55ae5bb12040823506cff7d3b2a) Importer(815301076,1909f56bfc062723c751e8b465ee728b)
Start importing Assets/MainGame/Scenes using Guid(91fca55ae5bb12040823506cff7d3b2a) Importer(815301076,1909f56bfc062723c751e8b465ee728b)  -> (artifact id: '61960fc30974cddade3493be5d54e433') in 0.001061 seconds
  Import took 0.003598 seconds .

========================================================================
Received Import Request.
  Time since last request: 1.007980 seconds.
  path: Assets/MainGame/Scenes/SampleScene.unity
  artifactKey: Guid(2cda990e2423bbf4892e6590ba056729) Importer(815301076,1909f56bfc062723c751e8b465ee728b)
Start importing Assets/MainGame/Scenes/SampleScene.unity using Guid(2cda990e2423bbf4892e6590ba056729) Importer(815301076,1909f56bfc062723c751e8b465ee728b)  -> (artifact id: '0a59ef0011206403181b6dace8b464c4') in 0.007440 seconds
  Import took 0.009841 seconds .

========================================================================
Received Import Request.
  Time since last request: 5.577480 seconds.
  path: Assets/MainGame/Scenes/UI.unity
  artifactKey: Guid(2cda990e2423bbf4892e6590ba056729) Importer(815301076,1909f56bfc062723c751e8b465ee728b)
Start importing Assets/MainGame/Scenes/UI.unity using Guid(2cda990e2423bbf4892e6590ba056729) Importer(815301076,1909f56bfc062723c751e8b465ee728b)  -> (artifact id: '4760ac0889989a5569e7b1d7296b7153') in 0.001061 seconds
  Import took 0.003538 seconds .

========================================================================
Received Import Request.
  Time since last request: 8.164300 seconds.
  path: Assets/MainGame/Scenes/New Scene.unity
  artifactKey: Guid(f09bfc5c22a15df4da9a341de47b3eed) Importer(815301076,1909f56bfc062723c751e8b465ee728b)
Start importing Assets/MainGame/Scenes/New Scene.unity using Guid(f09bfc5c22a15df4da9a341de47b3eed) Importer(815301076,1909f56bfc062723c751e8b465ee728b)  -> (artifact id: '67ad985ee65486dc749273ec124fd089') in 0.001085 seconds
  Import took 0.003611 seconds .

========================================================================
Received Prepare
Registering precompiled user dll's ...
Registered in 0.000499 seconds.
Begin MonoManager ReloadAssembly
Native extension for WindowsStandalone target not found
Refreshing native plugins compatible for Editor in 0.32 ms, found 1 plugins.
Preloading 0 native plugins for Editor in 0.00 ms.
Invoked RoslynAnalysisRunner static constructor.
RoslynAnalysisRunner will not be running.
RoslynAnalysisRunner has terminated.
Mono: successfully reloaded assembly
- Completed reload, in  0.629 seconds
Platform modules already initialized, skipping
Switching build target platform(5) subTarget(0) extendedPlatform(0) -> platform(13) subTarget(537395200) extendedPlatform(0)
Refreshing native plugins compatible for Editor in 0.32 ms, found 1 plugins.
Preloading 0 native plugins for Editor in 0.00 ms.
Unloading 1807 Unused Serialized files (Serialized files now loaded: 0)
System memory in use before: 84.8 MB.
System memory in use after: 84.8 MB.

Unloading 12 unused Assets to reduce memory usage. Loaded Objects now: 2254.
Total: 1.644567 ms (FindLiveObjects: 0.154445 ms CreateObjectMapping: 0.057455 ms MarkObjects: 1.347054 ms  DeleteObjects: 0.084475 ms)

AssetImportParameters requested are different than current active one (requested -> active):
  custom:graphics/normal-map-encoding: 01000000000000000000000000000000 -> 02000000000000000000000000000000
========================================================================
Received Prepare
Refreshing native plugins compatible for Editor in 0.93 ms, found 1 plugins.
Preloading 0 native plugins for Editor in 0.00 ms.
Unloading 10 Unused Serialized files (Serialized files now loaded: 0)
System memory in use before: 49.3 MB.
System memory in use after: 49.3 MB.

Unloading 10 unused Assets to reduce memory usage. Loaded Objects now: 2254.
Total: 1.775119 ms (FindLiveObjects: 0.172079 ms CreateObjectMapping: 0.084475 ms MarkObjects: 1.438925 ms  DeleteObjects: 0.079071 ms)

========================================================================
Received Import Request.
  Time since last request: 1522.874793 seconds.
  path: Assets/MainGame/Scripts.cs
  artifactKey: Guid(f0cb65d893f1b254f8a9c44d26149d13) Importer(815301076,1909f56bfc062723c751e8b465ee728b)
Start importing Assets/MainGame/Scripts.cs using Guid(f0cb65d893f1b254f8a9c44d26149d13) Importer(815301076,1909f56bfc062723c751e8b465ee728b)  -> (artifact id: '7d85e1e6d890cc0fa61978ae208bb5d8') in 0.011132 seconds
  Import took 0.013515 seconds .

========================================================================
Received Import Request.
  Time since last request: 0.000357 seconds.
  path: Assets/MainGame/Scripts.cs
  artifactKey: Guid(f0cb65d893f1b254f8a9c44d26149d13) Importer(815301076,1909f56bfc062723c751e8b465ee728b)
Start importing Assets/MainGame/Scripts.cs using Guid(f0cb65d893f1b254f8a9c44d26149d13) Importer(815301076,1909f56bfc062723c751e8b465ee728b)  -> (artifact id: '7d85e1e6d890cc0fa61978ae208bb5d8') in 0.000736 seconds
  Import took 0.003050 seconds .

========================================================================
Received Prepare
Registering precompiled user dll's ...
Registered in 0.000602 seconds.
Begin MonoManager ReloadAssembly
Native extension for WindowsStandalone target not found
Refreshing native plugins compatible for Editor in 0.31 ms, found 1 plugins.
Preloading 0 native plugins for Editor in 0.00 ms.
Invoked RoslynAnalysisRunner static constructor.
RoslynAnalysisRunner will not be running.
RoslynAnalysisRunner has terminated.
Mono: successfully reloaded assembly
- Completed reload, in  0.622 seconds
Platform modules already initialized, skipping
Switching build target platform(5) subTarget(0) extendedPlatform(0) -> platform(13) subTarget(537395200) extendedPlatform(0)
Refreshing native plugins compatible for Editor in 0.30 ms, found 1 plugins.
Preloading 0 native plugins for Editor in 0.00 ms.
Unloading 1808 Unused Serialized files (Serialized files now loaded: 0)
System memory in use before: 84.9 MB.
System memory in use after: 84.9 MB.

Unloading 12 unused Assets to reduce memory usage. Loaded Objects now: 2259.
Total: 1.639162 ms (FindLiveObjects: 0.150747 ms CreateObjectMapping: 0.052904 ms MarkObjects: 1.351605 ms  DeleteObjects: 0.083338 ms)

AssetImportParameters requested are different than current active one (requested -> active):
  custom:graphics/normal-map-encoding: 01000000000000000000000000000000 -> 02000000000000000000000000000000
========================================================================
Received Prepare
Registering precompiled user dll's ...
Registered in 0.000544 seconds.
Begin MonoManager ReloadAssembly
Native extension for WindowsStandalone target not found
Refreshing native plugins compatible for Editor in 0.31 ms, found 1 plugins.
Preloading 0 native plugins for Editor in 0.00 ms.
Invoked RoslynAnalysisRunner static constructor.
RoslynAnalysisRunner will not be running.
RoslynAnalysisRunner has terminated.
Mono: successfully reloaded assembly
- Completed reload, in  0.618 seconds
Platform modules already initialized, skipping
Switching build target platform(5) subTarget(0) extendedPlatform(0) -> platform(13) subTarget(537395200) extendedPlatform(0)
Refreshing native plugins compatible for Editor in 0.30 ms, found 1 plugins.
Preloading 0 native plugins for Editor in 0.00 ms.
Unloading 1807 Unused Serialized files (Serialized files now loaded: 0)
System memory in use before: 84.9 MB.
System memory in use after: 84.9 MB.

Unloading 13 unused Assets to reduce memory usage. Loaded Objects now: 2262.
Total: 1.598489 ms (FindLiveObjects: 0.169804 ms CreateObjectMapping: 0.062859 ms MarkObjects: 1.277938 ms  DeleteObjects: 0.087320 ms)

AssetImportParameters requested are different than current active one (requested -> active):
  custom:graphics/normal-map-encoding: 01000000000000000000000000000000 -> 02000000000000000000000000000000
========================================================================
Received Import Request.
  Time since last request: 10.294530 seconds.
  path: Assets/MainGame/Scripts
  artifactKey: Guid(7f82dff5800e5424cb29c7dc0c25e029) Importer(815301076,1909f56bfc062723c751e8b465ee728b)
Start importing Assets/MainGame/Scripts using Guid(7f82dff5800e5424cb29c7dc0c25e029) Importer(815301076,1909f56bfc062723c751e8b465ee728b)  -> (artifact id: 'cdbd55e4c46f209f6c1849d4f0f08300') in 0.003517 seconds
  Import took 0.005911 seconds .

========================================================================
Received Import Request.
  Time since last request: 0.005396 seconds.
  path: Assets/MainGame/Scripts
  artifactKey: Guid(7f82dff5800e5424cb29c7dc0c25e029) Importer(815301076,1909f56bfc062723c751e8b465ee728b)
Start importing Assets/MainGame/Scripts using Guid(7f82dff5800e5424cb29c7dc0c25e029) Importer(815301076,1909f56bfc062723c751e8b465ee728b)  -> (artifact id: 'cdbd55e4c46f209f6c1849d4f0f08300') in 0.000689 seconds
  Import took 0.002952 seconds .

========================================================================
Received Import Request.
  Time since last request: 5.372448 seconds.
  path: Assets/MainGame/Resources
  artifactKey: Guid(21413d6dc9405fc4484b29a2952ffdb5) Importer(815301076,1909f56bfc062723c751e8b465ee728b)
Start importing Assets/MainGame/Resources using Guid(21413d6dc9405fc4484b29a2952ffdb5) Importer(815301076,1909f56bfc062723c751e8b465ee728b)  -> (artifact id: '019457fa2568ab575484e29b409e9478') in 0.000834 seconds
  Import took 0.003157 seconds .

========================================================================
Received Import Request.
  Time since last request: 4.808500 seconds.
  path: Assets/MainGame/Data
  artifactKey: Guid(a29f1d5737fc45c459514f7b562d185e) Importer(815301076,1909f56bfc062723c751e8b465ee728b)
Start importing Assets/MainGame/Data using Guid(a29f1d5737fc45c459514f7b562d185e) Importer(815301076,1909f56bfc062723c751e8b465ee728b)  -> (artifact id: 'e9351387f74e5e192386c3ed6f0796fb') in 0.000825 seconds
  Import took 0.003243 seconds .

========================================================================
Received Import Request.
  Time since last request: 6.103371 seconds.
  path: Assets/MainGame/Sprites
  artifactKey: Guid(58d1e329c1d71bb45a7fb13115376d47) Importer(815301076,1909f56bfc062723c751e8b465ee728b)
Start importing Assets/MainGame/Sprites using Guid(58d1e329c1d71bb45a7fb13115376d47) Importer(815301076,1909f56bfc062723c751e8b465ee728b)  -> (artifact id: '5b317a66591a1f2a99a34d88556428e3') in 0.000822 seconds
  Import took 0.003195 seconds .

========================================================================
Received Import Request.
  Time since last request: 6.551809 seconds.
  path: Assets/CommonAssets
  artifactKey: Guid(15a5ef98f815467438a4d8dd2bad9e2e) Importer(815301076,1909f56bfc062723c751e8b465ee728b)
Start importing Assets/CommonAssets using Guid(15a5ef98f815467438a4d8dd2bad9e2e) Importer(815301076,1909f56bfc062723c751e8b465ee728b)  -> (artifact id: '9fba13a0633a1090d8157ed108e10eee') in 0.000849 seconds
  Import took 0.003381 seconds .

AssetImportWorkerClient::OnTransportError - code=2 error=End of file
